2019-12-04 14:11:36,333 CRIT Supervisor is running as root.  Privileges were not dropped because no user is specified in the config file.  If you intend to run as root, you can set user=root in the config file to avoid this message.
2019-12-04 14:11:36,337 INFO supervisord started with pid 1
2019-12-04 14:11:37,341 INFO spawned: 'apache' with pid 9
2019-12-04 14:11:37,344 INFO spawned: 'sshd' with pid 10
2019-12-04 14:11:37,387 INFO exited: sshd (exit status 0; not expected)
2019-12-04 14:11:38,442 INFO success: apache entered RUNNING state, process has stayed up for > than 1 seconds (startsecs)
2019-12-04 14:11:38,444 INFO spawned: 'sshd' with pid 28
2019-12-04 14:11:38,466 INFO exited: sshd (exit status 0; not expected)
2019-12-04 14:11:40,471 INFO spawned: 'sshd' with pid 36
2019-12-04 14:11:40,497 INFO exited: sshd (exit status 0; not expected)
2019-12-04 14:11:43,503 INFO spawned: 'sshd' with pid 44
2019-12-04 14:11:43,528 INFO exited: sshd (exit status 0; not expected)
2019-12-04 14:11:43,529 INFO gave up: sshd entered FATAL state, too many start retries too quickly
2019-12-06 10:42:51,837 CRIT Supervisor is running as root.  Privileges were not dropped because no user is specified in the config file.  If you intend to run as root, you can set user=root in the config file to avoid this message.
2019-12-06 10:42:51,841 INFO supervisord started with pid 1
2019-12-06 10:42:52,844 INFO spawned: 'apache' with pid 8
2019-12-06 10:42:52,848 INFO spawned: 'sshd' with pid 9
2019-12-06 10:42:53,467 INFO exited: sshd (exit status 0; not expected)
2019-12-06 10:42:54,468 INFO success: apache entered RUNNING state, process has stayed up for > than 1 seconds (startsecs)
2019-12-06 10:42:54,471 INFO spawned: 'sshd' with pid 22
2019-12-06 10:42:54,498 INFO exited: sshd (exit status 0; not expected)
2019-12-06 10:42:57,112 INFO spawned: 'sshd' with pid 30
2019-12-06 10:42:57,135 INFO exited: sshd (exit status 0; not expected)
2019-12-06 10:43:00,398 INFO spawned: 'sshd' with pid 43
2019-12-06 10:43:00,420 INFO exited: sshd (exit status 0; not expected)
2019-12-06 10:43:00,421 INFO gave up: sshd entered FATAL state, too many start retries too quickly
